<?xml version="1.0" encoding="UTF-8"?>
<testsuite xmlns:xsi="http://www.w3.org/2001/XMLSchema-instance" xsi:noNamespaceSchemaLocation="https://maven.apache.org/surefire/maven-surefire-plugin/xsd/surefire-test-report.xsd" name="com.team2.service.impl.MenuServiceImplTest" time="2.052" tests="1" errors="0" skipped="0" failures="0">
  <properties>
    <property name="java.specification.version" value="15"/>
    <property name="sun.jnu.encoding" value="UTF-8"/>
    <property name="java.class.path" value="/Users/stewartwang/MyProjects/team-2/delivery_app_backend/target/test-classes:/Users/stewartwang/MyProjects/team-2/delivery_app_backend/target/classes:/Users/stewartwang/.m2/repository/org/springframework/spring-webmvc/5.2.5.RELEASE/spring-webmvc-5.2.5.RELEASE.jar:/Users/stewartwang/.m2/repository/org/springframework/spring-beans/5.2.5.RELEASE/spring-beans-5.2.5.RELEASE.jar:/Users/stewartwang/.m2/repository/org/springframework/spring-context/5.2.5.RELEASE/spring-context-5.2.5.RELEASE.jar:/Users/stewartwang/.m2/repository/org/springframework/spring-core/5.2.5.RELEASE/spring-core-5.2.5.RELEASE.jar:/Users/stewartwang/.m2/repository/org/springframework/spring-jcl/5.2.5.RELEASE/spring-jcl-5.2.5.RELEASE.jar:/Users/stewartwang/.m2/repository/org/springframework/spring-expression/5.2.5.RELEASE/spring-expression-5.2.5.RELEASE.jar:/Users/stewartwang/.m2/repository/org/springframework/spring-web/5.2.5.RELEASE/spring-web-5.2.5.RELEASE.jar:/Users/stewartwang/.m2/repository/javax/servlet/javax.servlet-api/3.1.0/javax.servlet-api-3.1.0.jar:/Users/stewartwang/.m2/repository/junit/junit/4.12/junit-4.12.jar:/Users/stewartwang/.m2/repository/org/hamcrest/hamcrest-core/1.3/hamcrest-core-1.3.jar:/Users/stewartwang/.m2/repository/org/springframework/spring-jdbc/5.0.11.RELEASE/spring-jdbc-5.0.11.RELEASE.jar:/Users/stewartwang/.m2/repository/org/springframework/spring-tx/5.0.11.RELEASE/spring-tx-5.0.11.RELEASE.jar:/Users/stewartwang/.m2/repository/org/springframework/spring-aop/5.0.11.RELEASE/spring-aop-5.0.11.RELEASE.jar:/Users/stewartwang/.m2/repository/org/springframework/spring-aspects/5.0.11.RELEASE/spring-aspects-5.0.11.RELEASE.jar:/Users/stewartwang/.m2/repository/org/aspectj/aspectjweaver/1.8.13/aspectjweaver-1.8.13.jar:/Users/stewartwang/.m2/repository/org/mybatis/mybatis/3.4.5/mybatis-3.4.5.jar:/Users/stewartwang/.m2/repository/org/mybatis/mybatis-spring/1.3.1/mybatis-spring-1.3.1.jar:/Users/stewartwang/.m2/repository/mysql/mysql-connector-java/8.0.11/mysql-connector-java-8.0.11.jar:/Users/stewartwang/.m2/repository/com/google/protobuf/protobuf-java/2.6.0/protobuf-java-2.6.0.jar:/Users/stewartwang/.m2/repository/c3p0/c3p0/0.9.1.2/c3p0-0.9.1.2.jar:/Users/stewartwang/.m2/repository/jstl/jstl/1.2/jstl-1.2.jar:/Users/stewartwang/.m2/repository/org/projectlombok/lombok/1.18.6/lombok-1.18.6.jar:/Users/stewartwang/.m2/repository/org/springframework/spring-test/5.2.5.RELEASE/spring-test-5.2.5.RELEASE.jar:/Users/stewartwang/.m2/repository/com/fasterxml/jackson/core/jackson-databind/2.10.3/jackson-databind-2.10.3.jar:/Users/stewartwang/.m2/repository/com/fasterxml/jackson/core/jackson-annotations/2.10.3/jackson-annotations-2.10.3.jar:/Users/stewartwang/.m2/repository/com/fasterxml/jackson/core/jackson-core/2.10.3/jackson-core-2.10.3.jar:"/>
    <property name="java.vm.vendor" value="Oracle Corporation"/>
    <property name="sun.arch.data.model" value="64"/>
    <property name="java.vendor.url" value="https://java.oracle.com/"/>
    <property name="os.name" value="Mac OS X"/>
    <property name="java.vm.specification.version" value="15"/>
    <property name="sun.java.launcher" value="SUN_STANDARD"/>
    <property name="user.country" value="CN"/>
    <property name="sun.boot.library.path" value="/Library/Java/JavaVirtualMachines/jdk-15.0.1.jdk/Contents/Home/lib"/>
    <property name="sun.java.command" value="/Users/stewartwang/MyProjects/team-2/delivery_app_backend/target/surefire/surefirebooter10227173576966534738.jar /Users/stewartwang/MyProjects/team-2/delivery_app_backend/target/surefire 2021-04-12T00-57-49_766-jvmRun1 surefire300700559839549283tmp surefire_01361947695211663465tmp"/>
    <property name="jdk.debug" value="release"/>
    <property name="surefire.test.class.path" value="/Users/stewartwang/MyProjects/team-2/delivery_app_backend/target/test-classes:/Users/stewartwang/MyProjects/team-2/delivery_app_backend/target/classes:/Users/stewartwang/.m2/repository/org/springframework/spring-webmvc/5.2.5.RELEASE/spring-webmvc-5.2.5.RELEASE.jar:/Users/stewartwang/.m2/repository/org/springframework/spring-beans/5.2.5.RELEASE/spring-beans-5.2.5.RELEASE.jar:/Users/stewartwang/.m2/repository/org/springframework/spring-context/5.2.5.RELEASE/spring-context-5.2.5.RELEASE.jar:/Users/stewartwang/.m2/repository/org/springframework/spring-core/5.2.5.RELEASE/spring-core-5.2.5.RELEASE.jar:/Users/stewartwang/.m2/repository/org/springframework/spring-jcl/5.2.5.RELEASE/spring-jcl-5.2.5.RELEASE.jar:/Users/stewartwang/.m2/repository/org/springframework/spring-expression/5.2.5.RELEASE/spring-expression-5.2.5.RELEASE.jar:/Users/stewartwang/.m2/repository/org/springframework/spring-web/5.2.5.RELEASE/spring-web-5.2.5.RELEASE.jar:/Users/stewartwang/.m2/repository/javax/servlet/javax.servlet-api/3.1.0/javax.servlet-api-3.1.0.jar:/Users/stewartwang/.m2/repository/junit/junit/4.12/junit-4.12.jar:/Users/stewartwang/.m2/repository/org/hamcrest/hamcrest-core/1.3/hamcrest-core-1.3.jar:/Users/stewartwang/.m2/repository/org/springframework/spring-jdbc/5.0.11.RELEASE/spring-jdbc-5.0.11.RELEASE.jar:/Users/stewartwang/.m2/repository/org/springframework/spring-tx/5.0.11.RELEASE/spring-tx-5.0.11.RELEASE.jar:/Users/stewartwang/.m2/repository/org/springframework/spring-aop/5.0.11.RELEASE/spring-aop-5.0.11.RELEASE.jar:/Users/stewartwang/.m2/repository/org/springframework/spring-aspects/5.0.11.RELEASE/spring-aspects-5.0.11.RELEASE.jar:/Users/stewartwang/.m2/repository/org/aspectj/aspectjweaver/1.8.13/aspectjweaver-1.8.13.jar:/Users/stewartwang/.m2/repository/org/mybatis/mybatis/3.4.5/mybatis-3.4.5.jar:/Users/stewartwang/.m2/repository/org/mybatis/mybatis-spring/1.3.1/mybatis-spring-1.3.1.jar:/Users/stewartwang/.m2/repository/mysql/mysql-connector-java/8.0.11/mysql-connector-java-8.0.11.jar:/Users/stewartwang/.m2/repository/com/google/protobuf/protobuf-java/2.6.0/protobuf-java-2.6.0.jar:/Users/stewartwang/.m2/repository/c3p0/c3p0/0.9.1.2/c3p0-0.9.1.2.jar:/Users/stewartwang/.m2/repository/jstl/jstl/1.2/jstl-1.2.jar:/Users/stewartwang/.m2/repository/org/projectlombok/lombok/1.18.6/lombok-1.18.6.jar:/Users/stewartwang/.m2/repository/org/springframework/spring-test/5.2.5.RELEASE/spring-test-5.2.5.RELEASE.jar:/Users/stewartwang/.m2/repository/com/fasterxml/jackson/core/jackson-databind/2.10.3/jackson-databind-2.10.3.jar:/Users/stewartwang/.m2/repository/com/fasterxml/jackson/core/jackson-annotations/2.10.3/jackson-annotations-2.10.3.jar:/Users/stewartwang/.m2/repository/com/fasterxml/jackson/core/jackson-core/2.10.3/jackson-core-2.10.3.jar:"/>
    <property name="sun.cpu.endian" value="little"/>
    <property name="user.home" value="/Users/stewartwang"/>
    <property name="user.language" value="zh"/>
    <property name="java.specification.vendor" value="Oracle Corporation"/>
    <property name="java.version.date" value="2020-10-20"/>
    <property name="java.home" value="/Library/Java/JavaVirtualMachines/jdk-15.0.1.jdk/Contents/Home"/>
    <property name="file.separator" value="/"/>
    <property name="basedir" value="/Users/stewartwang/MyProjects/team-2/delivery_app_backend"/>
    <property name="java.vm.compressedOopsMode" value="Zero based"/>
    <property name="line.separator" value="&#10;"/>
    <property name="java.vm.specification.vendor" value="Oracle Corporation"/>
    <property name="java.specification.name" value="Java Platform API Specification"/>
    <property name="surefire.real.class.path" value="/Users/stewartwang/MyProjects/team-2/delivery_app_backend/target/surefire/surefirebooter10227173576966534738.jar"/>
    <property name="user.script" value="Hans"/>
    <property name="sun.management.compiler" value="HotSpot 64-Bit Tiered Compilers"/>
    <property name="java.runtime.version" value="15.0.1+9-18"/>
    <property name="user.name" value="stewartwang"/>
    <property name="path.separator" value=":"/>
    <property name="os.version" value="10.16"/>
    <property name="java.runtime.name" value="Java(TM) SE Runtime Environment"/>
    <property name="file.encoding" value="UTF-8"/>
    <property name="java.vm.name" value="Java HotSpot(TM) 64-Bit Server VM"/>
    <property name="localRepository" value="/Users/stewartwang/.m2/repository"/>
    <property name="java.vendor.url.bug" value="https://bugreport.java.com/bugreport/"/>
    <property name="java.io.tmpdir" value="/var/folders/0z/gz5ytf9x5qz84f1yhbyn0pch0000gn/T/"/>
    <property name="idea.version" value="2020.2.4"/>
    <property name="java.version" value="15.0.1"/>
    <property name="user.dir" value="/Users/stewartwang/MyProjects/team-2/delivery_app_backend"/>
    <property name="os.arch" value="x86_64"/>
    <property name="java.vm.specification.name" value="Java Virtual Machine Specification"/>
    <property name="java.library.path" value="/Users/stewartwang/Library/Java/Extensions:/Library/Java/Extensions:/Network/Library/Java/Extensions:/System/Library/Java/Extensions:/usr/lib/java:."/>
    <property name="java.vm.info" value="mixed mode, sharing"/>
    <property name="java.vendor" value="Oracle Corporation"/>
    <property name="java.vm.version" value="15.0.1+9-18"/>
    <property name="sun.io.unicode.encoding" value="UnicodeBig"/>
    <property name="java.class.version" value="59.0"/>
  </properties>
  <testcase name="menuShow" classname="com.team2.service.impl.MenuServiceImplTest" time="0.341"/>
</testsuite>